This is pdfTeX, Version 3.141592653-2.6-1.40.24 (MiKTeX 22.7) (preloaded format=pdflatex 2022.8.24)  10 SEP 2022 03:56
entering extended mode
 restricted \write18 enabled.
 %&-line parsing enabled.
**C:/Users/ZiluZ/OneDrive/Desktop/Template/open.tex
(C:/Users/ZiluZ/OneDrive/Desktop/Template/open.tex
LaTeX2e <2022-06-01> patch level 5
L3 programming layer <2022-07-04>
(C:/Users/ZiluZ/OneDrive/Desktop/Template\IEEEtran.cls
Document Class: IEEEtran 2015/08/26 V1.8b by Michael Shell
-- See the "IEEEtran_HOWTO" manual for usage information.
-- http://www.michaelshell.org/tex/ieeetran/
\@IEEEtrantmpdimenA=\dimen138
\@IEEEtrantmpdimenB=\dimen139
\@IEEEtrantmpdimenC=\dimen140
\@IEEEtrantmpcountA=\count185
\@IEEEtrantmpcountB=\count186
\@IEEEtrantmpcountC=\count187
\@IEEEtrantmptoksA=\toks16
LaTeX Font Info:    Trying to load font information for OT1+ptm on input line 5
03.
(C:\Users\ZiluZ\AppData\Local\Programs\MiKTeX\tex/latex/psnfss\ot1ptm.fd
File: ot1ptm.fd 2001/06/04 font definitions for OT1/ptm.
)
-- Using 8.5in x 11in (letter) paper.
-- Using PDF output.
\@IEEEnormalsizeunitybaselineskip=\dimen141
-- This is a 12 point document.
\CLASSINFOnormalsizebaselineskip=\dimen142
\CLASSINFOnormalsizeunitybaselineskip=\dimen143
\IEEEnormaljot=\dimen144
LaTeX Font Info:    Font shape `OT1/ptm/bx/n' in size <6> not available
(Font)              Font shape `OT1/ptm/b/n' tried instead on input line 1090.
LaTeX Font Info:    Font shape `OT1/ptm/bx/it' in size <6> not available
(Font)              Font shape `OT1/ptm/b/it' tried instead on input line 1090.

LaTeX Font Info:    Font shape `OT1/ptm/bx/n' in size <8> not available
(Font)              Font shape `OT1/ptm/b/n' tried instead on input line 1090.
LaTeX Font Info:    Font shape `OT1/ptm/bx/it' in size <8> not available
(Font)              Font shape `OT1/ptm/b/it' tried instead on input line 1090.

LaTeX Font Info:    Font shape `OT1/ptm/bx/n' in size <9> not available
(Font)              Font shape `OT1/ptm/b/n' tried instead on input line 1090.
LaTeX Font Info:    Font shape `OT1/ptm/bx/it' in size <9> not available
(Font)              Font shape `OT1/ptm/b/it' tried instead on input line 1090.

LaTeX Font Info:    Font shape `OT1/ptm/bx/n' in size <10> not available
(Font)              Font shape `OT1/ptm/b/n' tried instead on input line 1090.
LaTeX Font Info:    Font shape `OT1/ptm/bx/it' in size <10> not available
(Font)              Font shape `OT1/ptm/b/it' tried instead on input line 1090.

LaTeX Font Info:    Font shape `OT1/ptm/bx/n' in size <12> not available
(Font)              Font shape `OT1/ptm/b/n' tried instead on input line 1090.
LaTeX Font Info:    Font shape `OT1/ptm/bx/it' in size <12> not available
(Font)              Font shape `OT1/ptm/b/it' tried instead on input line 1090.

LaTeX Font Info:    Font shape `OT1/ptm/bx/n' in size <14> not available
(Font)              Font shape `OT1/ptm/b/n' tried instead on input line 1090.
LaTeX Font Info:    Font shape `OT1/ptm/bx/it' in size <14> not available
(Font)              Font shape `OT1/ptm/b/it' tried instead on input line 1090.

LaTeX Font Info:    Font shape `OT1/ptm/bx/n' in size <20> not available
(Font)              Font shape `OT1/ptm/b/n' tried instead on input line 1090.
LaTeX Font Info:    Font shape `OT1/ptm/bx/it' in size <20> not available
(Font)              Font shape `OT1/ptm/b/it' tried instead on input line 1090.

LaTeX Font Info:    Font shape `OT1/ptm/bx/n' in size <22> not available
(Font)              Font shape `OT1/ptm/b/n' tried instead on input line 1090.
LaTeX Font Info:    Font shape `OT1/ptm/bx/it' in size <22> not available
(Font)              Font shape `OT1/ptm/b/it' tried instead on input line 1090.

LaTeX Font Info:    Font shape `OT1/ptm/bx/n' in size <24> not available
(Font)              Font shape `OT1/ptm/b/n' tried instead on input line 1090.
LaTeX Font Info:    Font shape `OT1/ptm/bx/it' in size <24> not available
(Font)              Font shape `OT1/ptm/b/it' tried instead on input line 1090.

\IEEEquantizedlength=\dimen145
\IEEEquantizedlengthdiff=\dimen146
\IEEEquantizedtextheightdiff=\dimen147
\IEEEilabelindentA=\dimen148
\IEEEilabelindentB=\dimen149
\IEEEilabelindent=\dimen150
\IEEEelabelindent=\dimen151
\IEEEdlabelindent=\dimen152
\IEEElabelindent=\dimen153
\IEEEiednormlabelsep=\dimen154
\IEEEiedmathlabelsep=\dimen155
\IEEEiedtopsep=\skip47
\c@section=\count188
\c@subsection=\count189
\c@subsubsection=\count190
\c@paragraph=\count191
\c@IEEEsubequation=\count192
\abovecaptionskip=\skip48
\belowcaptionskip=\skip49
\c@figure=\count193
\c@table=\count194
\@IEEEeqnnumcols=\count195
\@IEEEeqncolcnt=\count196
\@IEEEsubeqnnumrollback=\count197
\@IEEEquantizeheightA=\dimen156
\@IEEEquantizeheightB=\dimen157
\@IEEEquantizeheightC=\dimen158
\@IEEEquantizeprevdepth=\dimen159
\@IEEEquantizemultiple=\count198
\@IEEEquantizeboxA=\box51
\@IEEEtmpitemindent=\dimen160
\IEEEPARstartletwidth=\dimen161
\c@IEEEbiography=\count199
\@IEEEtranrubishbin=\box52
) (C:\Users\ZiluZ\AppData\Local\Programs\MiKTeX\tex/latex/base\latexsym.sty
Package: latexsym 1998/08/17 v2.2e Standard LaTeX package (lasy symbols)
\symlasy=\mathgroup4
LaTeX Font Info:    Overwriting symbol font `lasy' in version `bold'
(Font)                  U/lasy/m/n --> U/lasy/b/n on input line 52.
)
(C:\Users\ZiluZ\AppData\Local\Programs\MiKTeX\tex/latex/graphics\graphicx.sty
Package: graphicx 2021/09/16 v1.2d Enhanced LaTeX Graphics (DPC,SPQR)

(C:\Users\ZiluZ\AppData\Local\Programs\MiKTeX\tex/latex/graphics\keyval.sty
Package: keyval 2022/05/29 v1.15 key=value parser (DPC)
\KV@toks@=\toks17
)
(C:\Users\ZiluZ\AppData\Local\Programs\MiKTeX\tex/latex/graphics\graphics.sty
Package: graphics 2022/03/10 v1.4e Standard LaTeX Graphics (DPC,SPQR)

(C:\Users\ZiluZ\AppData\Local\Programs\MiKTeX\tex/latex/graphics\trig.sty
Package: trig 2021/08/11 v1.11 sin cos tan (DPC)
)
(C:\Users\ZiluZ\AppData\Local\Programs\MiKTeX\tex/latex/graphics-cfg\graphics.c
fg
File: graphics.cfg 2016/06/04 v1.11 sample graphics configuration
)
Package graphics Info: Driver file: pdftex.def on input line 107.

(C:\Users\ZiluZ\AppData\Local\Programs\MiKTeX\tex/latex/graphics-def\pdftex.def
File: pdftex.def 2020/10/05 v1.2a Graphics/color driver for pdftex
))
\Gin@req@height=\dimen162
\Gin@req@width=\dimen163
)
(C:\Users\ZiluZ\AppData\Local\Programs\MiKTeX\tex/latex/amsfonts\amsfonts.sty
Package: amsfonts 2013/01/14 v3.01 Basic AMSFonts support
\@emptytoks=\toks18
\symAMSa=\mathgroup5
\symAMSb=\mathgroup6
LaTeX Font Info:    Redeclaring math symbol \hbar on input line 98.
LaTeX Font Info:    Overwriting math alphabet `\mathfrak' in version `bold'
(Font)                  U/euf/m/n --> U/euf/b/n on input line 106.
)
(C:\Users\ZiluZ\AppData\Local\Programs\MiKTeX\tex/latex/amsfonts\amssymb.sty
Package: amssymb 2013/01/14 v3.01 AMS font symbols
)
(C:\Users\ZiluZ\AppData\Local\Programs\MiKTeX\tex/latex/amsmath\amsmath.sty
Package: amsmath 2022/04/08 v2.17n AMS math features
\@mathmargin=\skip50

For additional information on amsmath, use the `?' option.
(C:\Users\ZiluZ\AppData\Local\Programs\MiKTeX\tex/latex/amsmath\amstext.sty
Package: amstext 2021/08/26 v2.01 AMS text

(C:\Users\ZiluZ\AppData\Local\Programs\MiKTeX\tex/latex/amsmath\amsgen.sty
File: amsgen.sty 1999/11/30 v2.0 generic functions
\@emptytoks=\toks19
\ex@=\dimen164
))
(C:\Users\ZiluZ\AppData\Local\Programs\MiKTeX\tex/latex/amsmath\amsbsy.sty
Package: amsbsy 1999/11/29 v1.2d Bold Symbols
\pmbraise@=\dimen165
)
(C:\Users\ZiluZ\AppData\Local\Programs\MiKTeX\tex/latex/amsmath\amsopn.sty
Package: amsopn 2022/04/08 v2.04 operator names
)
\inf@bad=\count266
LaTeX Info: Redefining \frac on input line 234.
\uproot@=\count267
\leftroot@=\count268
LaTeX Info: Redefining \overline on input line 399.
LaTeX Info: Redefining \colon on input line 410.
\classnum@=\count269
\DOTSCASE@=\count270
LaTeX Info: Redefining \ldots on input line 496.
LaTeX Info: Redefining \dots on input line 499.
LaTeX Info: Redefining \cdots on input line 620.
\Mathstrutbox@=\box53
\strutbox@=\box54
LaTeX Info: Redefining \big on input line 722.
LaTeX Info: Redefining \Big on input line 723.
LaTeX Info: Redefining \bigg on input line 724.
LaTeX Info: Redefining \Bigg on input line 725.
\big@size=\dimen166
LaTeX Font Info:    Redeclaring font encoding OML on input line 743.
LaTeX Font Info:    Redeclaring font encoding OMS on input line 744.
\macc@depth=\count271
LaTeX Info: Redefining \bmod on input line 905.
LaTeX Info: Redefining \pmod on input line 910.
LaTeX Info: Redefining \smash on input line 940.
LaTeX Info: Redefining \relbar on input line 970.
LaTeX Info: Redefining \Relbar on input line 971.
\c@MaxMatrixCols=\count272
\dotsspace@=\muskip16
\c@parentequation=\count273
\dspbrk@lvl=\count274
\tag@help=\toks20
\row@=\count275
\column@=\count276
\maxfields@=\count277
\andhelp@=\toks21
\eqnshift@=\dimen167
\alignsep@=\dimen168
\tagshift@=\dimen169
\tagwidth@=\dimen170
\totwidth@=\dimen171
\lineht@=\dimen172
\@envbody=\toks22
\multlinegap=\skip51
\multlinetaggap=\skip52
\mathdisplay@stack=\toks23
LaTeX Info: Redefining \[ on input line 2953.
LaTeX Info: Redefining \] on input line 2954.
)
(C:\Users\ZiluZ\AppData\Local\Programs\MiKTeX\tex/latex/cite\cite.sty
LaTeX Info: Redefining \cite on input line 302.
LaTeX Info: Redefining \nocite on input line 332.
Package: cite 2015/02/27  v 5.5
)
(C:\Users\ZiluZ\AppData\Local\Programs\MiKTeX\tex/latex/hyperref\hyperref.sty
Package: hyperref 2022-06-20 v7.00s Hypertext links for LaTeX

(C:\Users\ZiluZ\AppData\Local\Programs\MiKTeX\tex/generic/ltxcmds\ltxcmds.sty
Package: ltxcmds 2020-05-10 v1.25 LaTeX kernel commands for general use (HO)
)
(C:\Users\ZiluZ\AppData\Local\Programs\MiKTeX\tex/generic/iftex\iftex.sty
Package: iftex 2022/02/03 v1.0f TeX engine tests
)
(C:\Users\ZiluZ\AppData\Local\Programs\MiKTeX\tex/generic/pdftexcmds\pdftexcmds
.sty
Package: pdftexcmds 2020-06-27 v0.33 Utility functions of pdfTeX for LuaTeX (HO
)

(C:\Users\ZiluZ\AppData\Local\Programs\MiKTeX\tex/generic/infwarerr\infwarerr.s
ty
Package: infwarerr 2019/12/03 v1.5 Providing info/warning/error messages (HO)
)
Package pdftexcmds Info: \pdf@primitive is available.
Package pdftexcmds Info: \pdf@ifprimitive is available.
Package pdftexcmds Info: \pdfdraftmode found.
)
(C:\Users\ZiluZ\AppData\Local\Programs\MiKTeX\tex/generic/kvsetkeys\kvsetkeys.s
ty
Package: kvsetkeys 2019/12/15 v1.18 Key value parser (HO)
)
(C:\Users\ZiluZ\AppData\Local\Programs\MiKTeX\tex/generic/kvdefinekeys\kvdefine
keys.sty
Package: kvdefinekeys 2019-12-19 v1.6 Define keys (HO)
)
(C:\Users\ZiluZ\AppData\Local\Programs\MiKTeX\tex/generic/pdfescape\pdfescape.s
ty
Package: pdfescape 2019/12/09 v1.15 Implements pdfTeX's escape features (HO)
) (C:\Users\ZiluZ\AppData\Local\Programs\MiKTeX\tex/latex/hycolor\hycolor.sty
Package: hycolor 2020-01-27 v1.10 Color options for hyperref/bookmark (HO)
)
(C:\Users\ZiluZ\AppData\Local\Programs\MiKTeX\tex/latex/letltxmacro\letltxmacro
.sty
Package: letltxmacro 2019/12/03 v1.6 Let assignment for LaTeX macros (HO)
)
(C:\Users\ZiluZ\AppData\Local\Programs\MiKTeX\tex/latex/auxhook\auxhook.sty
Package: auxhook 2019-12-17 v1.6 Hooks for auxiliary files (HO)
)
(C:\Users\ZiluZ\AppData\Local\Programs\MiKTeX\tex/latex/hyperref\nameref.sty
Package: nameref 2022-05-17 v2.50 Cross-referencing by name of section

(C:\Users\ZiluZ\AppData\Local\Programs\MiKTeX\tex/latex/refcount\refcount.sty
Package: refcount 2019/12/15 v3.6 Data extraction from label references (HO)
)
(C:\Users\ZiluZ\AppData\Local\Programs\MiKTeX\tex/generic/gettitlestring\gettit
lestring.sty
Package: gettitlestring 2019/12/15 v1.6 Cleanup title references (HO)

(C:\Users\ZiluZ\AppData\Local\Programs\MiKTeX\tex/latex/kvoptions\kvoptions.sty
Package: kvoptions 2022-06-15 v3.15 Key value format for package options (HO)
))
\c@section@level=\count278
)
\@linkdim=\dimen173
\Hy@linkcounter=\count279
\Hy@pagecounter=\count280
 (C:\Users\ZiluZ\AppData\Local\Programs\MiKTeX\tex/latex/hyperref\pd1enc.def
File: pd1enc.def 2022-06-20 v7.00s Hyperref: PDFDocEncoding definition (HO)
Now handling font encoding PD1 ...
... no UTF-8 mapping file for font encoding PD1
) (C:\Users\ZiluZ\AppData\Local\Programs\MiKTeX\tex/generic/intcalc\intcalc.sty
Package: intcalc 2019/12/15 v1.3 Expandable calculations with integers (HO)
)
(C:\Users\ZiluZ\AppData\Local\Programs\MiKTeX\tex/generic/etexcmds\etexcmds.sty
Package: etexcmds 2019/12/15 v1.7 Avoid name clashes with e-TeX commands (HO)
)
\Hy@SavedSpaceFactor=\count281
 (C:\Users\ZiluZ\AppData\Local\Programs\MiKTeX\tex/latex/hyperref\puenc.def
File: puenc.def 2022-06-20 v7.00s Hyperref: PDF Unicode definition (HO)
Now handling font encoding PU ...
... no UTF-8 mapping file for font encoding PU
)
Package hyperref Info: Option `colorlinks' set `true' on input line 4045.
Package hyperref Info: Hyper figures OFF on input line 4162.
Package hyperref Info: Link nesting OFF on input line 4167.
Package hyperref Info: Hyper index ON on input line 4170.
Package hyperref Info: Plain pages OFF on input line 4177.
Package hyperref Info: Backreferencing OFF on input line 4182.
Package hyperref Info: Implicit mode ON; LaTeX internals redefined.
Package hyperref Info: Bookmarks ON on input line 4408.
\c@Hy@tempcnt=\count282

(C:\Users\ZiluZ\AppData\Local\Programs\MiKTeX\tex/latex/url\url.sty
\Urlmuskip=\muskip17
Package: url 2013/09/16  ver 3.4  Verb mode for urls, etc.
)
LaTeX Info: Redefining \url on input line 4746.
\XeTeXLinkMargin=\dimen174

(C:\Users\ZiluZ\AppData\Local\Programs\MiKTeX\tex/generic/bitset\bitset.sty
Package: bitset 2019/12/09 v1.3 Handle bit-vector datatype (HO)

(C:\Users\ZiluZ\AppData\Local\Programs\MiKTeX\tex/generic/bigintcalc\bigintcalc
.sty
Package: bigintcalc 2019/12/15 v1.5 Expandable calculations on big integers (HO
)
))
\Fld@menulength=\count283
\Field@Width=\dimen175
\Fld@charsize=\dimen176
Package hyperref Info: Hyper figures OFF on input line 6024.
Package hyperref Info: Link nesting OFF on input line 6029.
Package hyperref Info: Hyper index ON on input line 6032.
Package hyperref Info: backreferencing OFF on input line 6039.
Package hyperref Info: Link coloring ON on input line 6042.
Package hyperref Info: Link coloring with OCG OFF on input line 6049.
Package hyperref Info: PDF/A mode OFF on input line 6054.

(C:\Users\ZiluZ\AppData\Local\Programs\MiKTeX\tex/latex/base\atbegshi-ltx.sty
Package: atbegshi-ltx 2021/01/10 v1.0c Emulation of the original atbegshi
package with kernel methods
)
\Hy@abspage=\count284
\c@Item=\count285
\c@Hfootnote=\count286
)
Package hyperref Info: Driver (autodetected): hpdftex.
(C:\Users\ZiluZ\AppData\Local\Programs\MiKTeX\tex/latex/hyperref\hpdftex.def
File: hpdftex.def 2022-06-20 v7.00s Hyperref driver for pdfTeX

(C:\Users\ZiluZ\AppData\Local\Programs\MiKTeX\tex/latex/base\atveryend-ltx.sty
Package: atveryend-ltx 2020/08/19 v1.0a Emulation of the original atveryend pac
kage
with kernel methods
)
\Fld@listcount=\count287
\c@bookmark@seq@number=\count288

(C:\Users\ZiluZ\AppData\Local\Programs\MiKTeX\tex/latex/rerunfilecheck\rerunfil
echeck.sty
Package: rerunfilecheck 2022-07-10 v1.10 Rerun checks for auxiliary files (HO)

(C:\Users\ZiluZ\AppData\Local\Programs\MiKTeX\tex/generic/uniquecounter\uniquec
ounter.sty
Package: uniquecounter 2019/12/15 v1.4 Provide unlimited unique counter (HO)
)
Package uniquecounter Info: New unique counter `rerunfilecheck' on input line 2
85.
)
\Hy@SectionHShift=\skip53
)
(C:\Users\ZiluZ\AppData\Local\Programs\MiKTeX\tex/latex/bbm\bbm.sty
Package: bbm 1999/03/15 V 1.2 provides fonts for set symbols - TH
LaTeX Font Info:    Overwriting math alphabet `\mathbbm' in version `bold'
(Font)                  U/bbm/m/n --> U/bbm/bx/n on input line 33.
LaTeX Font Info:    Overwriting math alphabet `\mathbbmss' in version `bold'
(Font)                  U/bbmss/m/n --> U/bbmss/bx/n on input line 35.
)
(C:\Users\ZiluZ\AppData\Local\Programs\MiKTeX\tex/latex/paralist\paralist.sty
Package: paralist 2017/01/22 v2.7 Extended list environments
\pltopsep=\skip54
\plpartopsep=\skip55
\plitemsep=\skip56
\plparsep=\skip57
\pl@lab=\toks24
)
(C:\Users\ZiluZ\AppData\Local\Programs\MiKTeX\tex/latex/algorithmicx\algpseudoc
ode.sty
Package: algpseudocode 
 (C:\Users\ZiluZ\AppData\Local\Programs\MiKTeX\tex/latex/base\ifthen.sty
Package: ifthen 2022/04/13 v1.1d Standard LaTeX ifthen package (DPC)
)
(C:\Users\ZiluZ\AppData\Local\Programs\MiKTeX\tex/latex/algorithmicx\algorithmi
cx.sty
Package: algorithmicx 2005/04/27 v1.2 Algorithmicx

Document Style algorithmicx 1.2 - a greatly improved `algorithmic' style
\c@ALG@line=\count289
\c@ALG@rem=\count290
\c@ALG@nested=\count291
\ALG@tlm=\skip58
\ALG@thistlm=\skip59
\c@ALG@Lnr=\count292
\c@ALG@blocknr=\count293
\c@ALG@storecount=\count294
\c@ALG@tmpcounter=\count295
\ALG@tmplength=\skip60
)
Document Style - pseudocode environments for use with the `algorithmicx' style
) (C:\Users\ZiluZ\AppData\Local\Programs\MiKTeX\tex/latex/acronym\acronym.sty
Package: acronym 2020/04/17 v1.47 Support for acronyms (Tobias Oetiker)

(C:\Users\ZiluZ\AppData\Local\Programs\MiKTeX\tex/latex/bigfoot\suffix.sty
Package: suffix 2006/07/15 1.5a Variant command support
)
(C:\Users\ZiluZ\AppData\Local\Programs\MiKTeX\tex/latex/xstring\xstring.sty
(C:\Users\ZiluZ\AppData\Local\Programs\MiKTeX\tex/generic/xstring\xstring.tex
\integerpart=\count296
\decimalpart=\count297
)
Package: xstring 2021/07/21 v1.84 String manipulations (CT)
)
\AC@clearlist=\toks25
)
(C:\Users\ZiluZ\AppData\Local\Programs\MiKTeX\tex/latex/algorithms\algorithm.st
y
Package: algorithm 2009/08/24 v0.1 Document Style `algorithm' - floating enviro
nment
 (C:\Users\ZiluZ\AppData\Local\Programs\MiKTeX\tex/latex/float\float.sty
Package: float 2001/11/08 v1.3d Float enhancements (AL)
\c@float@type=\count298
\float@exts=\toks26
\float@box=\box55
\@float@everytoks=\toks27
\@floatcapt=\box56
)
\@float@every@algorithm=\toks28
\c@algorithm=\count299
)
(C:\Users\ZiluZ\AppData\Local\Programs\MiKTeX\tex/latex/xcolor\xcolor.sty
Package: xcolor 2022/06/12 v2.14 LaTeX color extensions (UK)

(C:\Users\ZiluZ\AppData\Local\Programs\MiKTeX\tex/latex/graphics-cfg\color.cfg
File: color.cfg 2016/01/02 v1.6 sample color configuration
)
Package xcolor Info: Driver file: pdftex.def on input line 227.

(C:\Users\ZiluZ\AppData\Local\Programs\MiKTeX\tex/latex-dev/graphics\mathcolor.
ltx)
Package xcolor Info: Model `cmy' substituted by `cmy0' on input line 1353.
Package xcolor Info: Model `hsb' substituted by `rgb' on input line 1357.
Package xcolor Info: Model `RGB' extended on input line 1369.
Package xcolor Info: Model `HTML' substituted by `rgb' on input line 1371.
Package xcolor Info: Model `Hsb' substituted by `hsb' on input line 1372.
Package xcolor Info: Model `tHsb' substituted by `hsb' on input line 1373.
Package xcolor Info: Model `HSB' substituted by `hsb' on input line 1374.
Package xcolor Info: Model `Gray' substituted by `gray' on input line 1375.
Package xcolor Info: Model `wave' substituted by `hsb' on input line 1376.

(C:\Users\ZiluZ\AppData\Local\Programs\MiKTeX\tex/latex/graphics\dvipsnam.def
File: dvipsnam.def 2016/06/17 v3.0m Driver-dependent file (DPC,SPQR)
)) (C:\Users\ZiluZ\AppData\Local\Programs\MiKTeX\tex/latex/amscls\amsthm.sty
Package: amsthm 2020/05/29 v2.20.6
\thm@style=\toks29
\thm@bodyfont=\toks30
\thm@headfont=\toks31
\thm@notefont=\toks32
\thm@headpunct=\toks33
\thm@preskip=\skip61
\thm@postskip=\skip62
\thm@headsep=\skip63
\dth@everypar=\toks34
)
(C:\Users\ZiluZ\AppData\Local\Programs\MiKTeX\tex/latex/microtype\microtype.sty
Package: microtype 2022/06/23 v3.0f Micro-typographical refinements (RS)
(C:\Users\ZiluZ\AppData\Local\Programs\MiKTeX\tex/latex/etoolbox\etoolbox.sty
Package: etoolbox 2020/10/05 v2.5k e-TeX tools for LaTeX (JAW)
\etb@tempcnta=\count300
)
\MT@toks=\toks35
\MT@tempbox=\box57
\MT@count=\count301
LaTeX Info: Redefining \noprotrusionifhmode on input line 1045.
LaTeX Info: Redefining \leftprotrusion on input line 1046.
LaTeX Info: Redefining \rightprotrusion on input line 1056.
LaTeX Info: Redefining \textls on input line 1234.
\MT@outer@kern=\dimen177
LaTeX Info: Redefining \textmicrotypecontext on input line 1858.
\MT@listname@count=\count302

(C:\Users\ZiluZ\AppData\Local\Programs\MiKTeX\tex/latex/microtype\microtype-pdf
tex.def
File: microtype-pdftex.def 2022/06/23 v3.0f Definitions specific to pdftex (RS)

LaTeX Info: Redefining \lsstyle on input line 900.
LaTeX Info: Redefining \lslig on input line 900.
\MT@outer@space=\skip64
)
Package microtype Info: Loading configuration file microtype.cfg.

(C:\Users\ZiluZ\AppData\Local\Programs\MiKTeX\tex/latex/microtype\microtype.cfg
File: microtype.cfg 2022/06/23 v3.0f microtype main configuration file (RS)
)) (C:\Users\ZiluZ\AppData\Local\Programs\MiKTeX\tex/latex/tools\tabularx.sty
Package: tabularx 2020/01/15 v2.11c `tabularx' package (DPC)

(C:\Users\ZiluZ\AppData\Local\Programs\MiKTeX\tex/latex/tools\array.sty
Package: array 2021/10/04 v2.5f Tabular extension package (FMi)
\col@sep=\dimen178
\ar@mcellbox=\box58
\extrarowheight=\dimen179
\NC@list=\toks36
\extratabsurround=\skip65
\backup@length=\skip66
\ar@cellbox=\box59
)
\TX@col@width=\dimen180
\TX@old@table=\dimen181
\TX@old@col=\dimen182
\TX@target=\dimen183
\TX@delta=\dimen184
\TX@cols=\count303
\TX@ftn=\toks37
)
(C:\Users\ZiluZ\AppData\Local\Programs\MiKTeX\tex/latex/pdfpages\pdfpages.sty
Package: pdfpages 2022/05/22 v0.5v Insert pages of external PDF documents (AM)

(C:\Users\ZiluZ\AppData\Local\Programs\MiKTeX\tex/latex/tools\calc.sty
Package: calc 2017/05/25 v4.3 Infix arithmetic (KKT,FJ)
\calc@Acount=\count304
\calc@Bcount=\count305
\calc@Adimen=\dimen185
\calc@Bdimen=\dimen186
\calc@Askip=\skip67
\calc@Bskip=\skip68
LaTeX Info: Redefining \setlength on input line 80.
LaTeX Info: Redefining \addtolength on input line 81.
\calc@Ccount=\count306
\calc@Cskip=\skip69
)
(C:\Users\ZiluZ\AppData\Local\Programs\MiKTeX\tex/latex/eso-pic\eso-pic.sty
Package: eso-pic 2020/10/14 v3.0a eso-pic (RN)
\ESO@tempdima=\dimen187
\ESO@tempdimb=\dimen188
)
\AM@pagewidth=\dimen189
\AM@pageheight=\dimen190
\AM@fboxrule=\dimen191

(C:\Users\ZiluZ\AppData\Local\Programs\MiKTeX\tex/latex/pdfpages\pppdftex.def
File: pppdftex.def 2022/05/22 v0.5v Pdfpages driver for pdfTeX (AM)
)
\pdfpages@includegraphics@status=\count307
\AM@pagebox=\box60
\AM@global@opts=\toks38
\AM@pagecnt=\count308
\AM@toc@title=\toks39
\c@AM@survey=\count309
\AM@templatesizebox=\box61
) (C:\Users\ZiluZ\AppData\Local\Programs\MiKTeX\tex/latex/subfig\subfig.sty
Package: subfig 2005/06/28 ver: 1.3 subfig package

(C:\Users\ZiluZ\AppData\Local\Programs\MiKTeX\tex/latex/caption\caption.sty
Package: caption 2022/03/01 v3.6b Customizing captions (AR)

(C:\Users\ZiluZ\AppData\Local\Programs\MiKTeX\tex/latex/caption\caption3.sty
Package: caption3 2022/03/17 v2.3b caption3 kernel (AR)
\caption@tempdima=\dimen192
\captionmargin=\dimen193
\caption@leftmargin=\dimen194
\caption@rightmargin=\dimen195
\caption@width=\dimen196
\caption@indent=\dimen197
\caption@parindent=\dimen198
\caption@hangindent=\dimen199
Package caption Info: Unknown document class (or package),
(caption)             standard defaults will be used.
Package caption Info: \@makecaption = \long macro:#1#2->\ifx \@captype \@IEEEta
blestring \footnotesize \bgroup \par \centering \@IEEEtabletopskipstrut {\norma
lfont \footnotesize #1}\\{\normalfont \footnotesize \scshape #2}\par \addvspace
 {0.5\baselineskip }\egroup \@IEEEtablecaptionsepspace \else \@IEEEfigurecaptio
nsepspace \setbox \@tempboxa \hbox {\normalfont \footnotesize {#1.}\nobreakspac
e \nobreakspace #2}\ifdim \wd \@tempboxa >\hsize \setbox \@tempboxa \hbox {\nor
malfont \footnotesize {#1.}\nobreakspace \nobreakspace }\parbox [t]{\hsize }{\n
ormalfont \footnotesize \noindent \unhbox \@tempboxa #2}\else \ifCLASSOPTIONcon
ference \hbox to\hsize {\normalfont \footnotesize \hfil \box \@tempboxa \hfil }
\else \hbox to\hsize {\normalfont \footnotesize \box \@tempboxa \hfil }\fi \fi 
\fi  on input line 1176.
)

Package caption Warning: Unknown document class (or package),
(caption)                standard defaults will be used.
See the caption package documentation for explanation.

\c@caption@flags=\count310
\c@continuedfloat=\count311
Package caption Info: float package is loaded.
Package caption Info: hyperref package is loaded.
)
\c@KVtest=\count312
\sf@farskip=\skip70
\sf@captopadj=\dimen256
\sf@capskip=\skip71
\sf@nearskip=\skip72
\c@subfigure=\count313
\c@subfigure@save=\count314
\c@lofdepth=\count315
\c@subtable=\count316
\c@subtable@save=\count317
\c@lotdepth=\count318
\sf@top=\skip73
\sf@bottom=\skip74
)
\c@theorem=\count319

(C:\Users\ZiluZ\AppData\Local\Programs\MiKTeX\tex/latex/l3backend\l3backend-pdf
tex.def
File: l3backend-pdftex.def 2022-07-01 L3 backend support: PDF output (pdfTeX)
\l__color_backend_stack_int=\count320
\l__pdf_internal_box=\box62
) (C:/Users/ZiluZ/OneDrive/Desktop/Template\open.aux)
\openout1 = `open.aux'.

LaTeX Font Info:    Checking defaults for OML/cmm/m/it on input line 30.
LaTeX Font Info:    ... okay on input line 30.
LaTeX Font Info:    Checking defaults for OMS/cmsy/m/n on input line 30.
LaTeX Font Info:    ... okay on input line 30.
LaTeX Font Info:    Checking defaults for OT1/cmr/m/n on input line 30.
LaTeX Font Info:    ... okay on input line 30.
LaTeX Font Info:    Checking defaults for T1/cmr/m/n on input line 30.
LaTeX Font Info:    ... okay on input line 30.
LaTeX Font Info:    Checking defaults for TS1/cmr/m/n on input line 30.
LaTeX Font Info:    ... okay on input line 30.
LaTeX Font Info:    Checking defaults for OMX/cmex/m/n on input line 30.
LaTeX Font Info:    ... okay on input line 30.
LaTeX Font Info:    Checking defaults for U/cmr/m/n on input line 30.
LaTeX Font Info:    ... okay on input line 30.
LaTeX Font Info:    Checking defaults for PD1/pdf/m/n on input line 30.
LaTeX Font Info:    ... okay on input line 30.
LaTeX Font Info:    Checking defaults for PU/pdf/m/n on input line 30.
LaTeX Font Info:    ... okay on input line 30.

-- Lines per column: 32 (exact).

(C:\Users\ZiluZ\AppData\Local\Programs\MiKTeX\tex/context/base/mkii\supp-pdf.mk
ii
[Loading MPS to PDF converter (version 2006.09.02).]
\scratchcounter=\count321
\scratchdimen=\dimen257
\scratchbox=\box63
\nofMPsegments=\count322
\nofMParguments=\count323
\everyMPshowfont=\toks40
\MPscratchCnt=\count324
\MPscratchDim=\dimen258
\MPnumerator=\count325
\makeMPintoPDFobject=\count326
\everyMPtoPDFconversion=\toks41
)
(C:\Users\ZiluZ\AppData\Local\Programs\MiKTeX\tex/latex/epstopdf-pkg\epstopdf-b
ase.sty
Package: epstopdf-base 2020-01-24 v2.11 Base part for package epstopdf
Package epstopdf-base Info: Redefining graphics rule for `.eps' on input line 4
85.

(C:\Users\ZiluZ\AppData\Local\Programs\MiKTeX\tex/latex/00miktex\epstopdf-sys.c
fg
File: epstopdf-sys.cfg 2021/03/18 v2.0 Configuration of epstopdf for MiKTeX
))
Package hyperref Info: Link coloring ON on input line 30.
 (C:/Users/ZiluZ/OneDrive/Desktop/Template\open.out)
(C:/Users/ZiluZ/OneDrive/Desktop/Template\open.out)
\@outlinefile=\write3
\openout3 = `open.out'.

LaTeX Info: Redefining \microtypecontext on input line 30.
Package microtype Info: Applying patch `item' on input line 30.
Package microtype Info: Applying patch `toc' on input line 30.
Package microtype Info: Applying patch `eqnum' on input line 30.
Package microtype Info: Applying patch `footnote' on input line 30.
Package microtype Info: Generating PDF output.
Package microtype Info: Character protrusion enabled (level 2).
Package microtype Info: Using default protrusion set `alltext'.
Package microtype Info: Automatic font expansion enabled (level 2),
(microtype)             stretch: 20, shrink: 20, step: 1, non-selected.
Package microtype Info: Using default expansion set `alltext-nott'.
LaTeX Info: Redefining \showhyphens on input line 30.
Package microtype Info: No adjustment of tracking.
Package microtype Info: No adjustment of interword spacing.
Package microtype Info: No adjustment of character kerning.

(C:\Users\ZiluZ\AppData\Local\Programs\MiKTeX\tex/latex/microtype\mt-ptm.cfg
File: mt-ptm.cfg 2006/04/20 v1.7 microtype config. file: Times (RS)
)
(C:\Users\ZiluZ\AppData\Local\Programs\MiKTeX\tex/latex/pdflscape\pdflscape.sty
Package: pdflscape 2019/12/05 v0.12 Display of landscape pages in PDF (HO)
(C:\Users\ZiluZ\AppData\Local\Programs\MiKTeX\tex/latex/graphics\lscape.sty
Package: lscape 2020/05/28 v3.02 Landscape Pages (DPC)
)
Package pdflscape Info: Auto-detected driver: pdftex on input line 81.
)
Package caption Info: Begin \AtBeginDocument code.
Package caption Info: subfig package v1.3 is loaded.
Package caption Info: End \AtBeginDocument code.

** ATTENTION: Overriding command lockouts (line 40).

LaTeX Warning: Citation `alkhateeb2014mimo' on page 1 undefined on input line 4
4.

Package acronym Info: Label `acro:had' newly defined as it shall be overridden
although it is yet undefined on input line 44.

Package acronym Warning: Acronym `had' is not defined on input line 44.


Package acronym Warning: Acronym `had' is not defined on input line 44.


Package acronym Warning: Acronym `had' is not defined on input line 44.


Package acronym Warning: Acronym `had' is not defined on input line 44.


LaTeX Warning: Citation `gao2016energy' on page 1 undefined on input line 44.

Package acronym Info: Label `acro:irs' newly defined as it shall be overridden
although it is yet undefined on input line 46.

LaTeX Warning: Citation `wu2021intelligent' on page 1 undefined on input line 4
6.


LaTeX Warning: Citation `wu2019towards' on page 1 undefined on input line 46.


LaTeX Warning: Citation `wu2019intelligent' on page 1 undefined on input line 4
6.


LaTeX Warning: Citation `wu2019intelligent' on page 1 undefined on input line 4
6.


LaTeX Warning: Citation `xu2019resource' on page 1 undefined on input line 46.


LaTeX Warning: Citation `xu2022optimal' on page 1 undefined on input line 46.

Package acronym Info: Label `acro:bs' newly defined as it shall be overridden
although it is yet undefined on input line 48.

Package acronym Warning: Acronym `bs' is not defined on input line 48.


Package acronym Warning: Acronym `bs' is not defined on input line 48.


LaTeX Warning: Citation `di2020smart' on page 1 undefined on input line 48.


LaTeX Warning: Citation `di2011spatial' on page 1 undefined on input line 48.


LaTeX Warning: Citation `di2020smart' on page 1 undefined on input line 48.


LaTeX Warning: Citation `basar2020reconfigurable' on page 1 undefined on input 
line 48.


LaTeX Warning: Citation `liu2021intelligent' on page 1 undefined on input line 
48.


LaTeX Warning: Citation `karasik2020beyond' on page 1 undefined on input line 4
8.


LaTeX Warning: Citation `jamali2020intelligent' on page 1 undefined on input li
ne 49.

Package acronym Info: Label `acro:mimo' newly defined as it shall be overridden

although it is yet undefined on input line 49.
Package acronym Info: Label `acro:csi' newly defined as it shall be overridden
although it is yet undefined on input line 49.

Package acronym Warning: Acronym `csi' is not defined on input line 49.


Package acronym Warning: Acronym `csi' is not defined on input line 49.


LaTeX Warning: Citation `bereyhi2019papr' on page 1 undefined on input line 49.


Package acronym Info: Label `acro:glse' newly defined as it shall be overridden

although it is yet undefined on input line 49.

Package acronym Warning: Acronym `glse' is not defined on input line 49.


Package acronym Warning: Acronym `glse' is not defined on input line 49.

[1{C:/Users/ZiluZ/AppData/Local/MiKTeX/fonts/map/pdftex/pdftex.map}]

LaTeX Warning: Citation `domouchtsidis2020constant' on page 2 undefined on inpu
t line 51.


Package acronym Warning: Acronym `csi' is not defined on input line 51.


Package acronym Warning: Acronym `csi' is not defined on input line 51.


LaTeX Warning: Citation `jamali2020intelligent' on page 2 undefined on input li
ne 51.


LaTeX Warning: Citation `li2018hybrid' on page 2 undefined on input line 51.


Package acronym Warning: Acronym `csi' is not defined on input line 51.


LaTeX Warning: Citation `liu2019symbol' on page 2 undefined on input line 51.


LaTeX Warning: Citation `li2022practical' on page 2 undefined on input line 51.



Package acronym Warning: Acronym `csi' is not defined on input line 51.


LaTeX Warning: Citation `sedaghat2017novel' on page 2 undefined on input line 5
1.

[2]

Package acronym Warning: Acronym `had' is not defined on input line 53.

Package acronym Info: Label `acro:mm' newly defined as it shall be overridden
although it is yet undefined on input line 53.

Package acronym Warning: Acronym `mm' is not defined on input line 53.


Package acronym Warning: Acronym `mm' is not defined on input line 53.

(C:\Users\ZiluZ\AppData\Local\Programs\MiKTeX\tex/latex/microtype\mt-cmr.cfg
File: mt-cmr.cfg 2013/05/19 v2.2 microtype config. file: Computer Modern Roman 
(RS)
)
LaTeX Font Info:    Trying to load font information for U+lasy on input line 55
.

(C:\Users\ZiluZ\AppData\Local\Programs\MiKTeX\tex/latex/base\ulasy.fd
File: ulasy.fd 1998/08/17 v2.2e LaTeX symbol font definitions
)
LaTeX Font Info:    Trying to load font information for U+msa on input line 55.


(C:\Users\ZiluZ\AppData\Local\Programs\MiKTeX\tex/latex/amsfonts\umsa.fd
File: umsa.fd 2013/01/14 v3.01 AMS symbols A
)
(C:\Users\ZiluZ\AppData\Local\Programs\MiKTeX\tex/latex/microtype\mt-msa.cfg
File: mt-msa.cfg 2006/02/04 v1.1 microtype config. file: AMS symbols (a) (RS)
)
LaTeX Font Info:    Trying to load font information for U+msb on input line 55.


(C:\Users\ZiluZ\AppData\Local\Programs\MiKTeX\tex/latex/amsfonts\umsb.fd
File: umsb.fd 2013/01/14 v3.01 AMS symbols B
)
(C:\Users\ZiluZ\AppData\Local\Programs\MiKTeX\tex/latex/microtype\mt-msb.cfg
File: mt-msb.cfg 2005/06/01 v1.0 microtype config. file: AMS symbols (b) (RS)
)

Package acronym Warning: Acronym `bs' is not defined on input line 61.

Package acronym Info: Label `acro:ut' newly defined as it shall be overridden
although it is yet undefined on input line 61.

Package acronym Warning: Acronym `ut' is not defined on input line 61.


Package acronym Warning: Acronym `ut' is not defined on input line 61.


Package acronym Warning: Acronym `bs' is not defined on input line 61.


Package acronym Warning: Acronym `had' is not defined on input line 61.

Package acronym Info: Label `acro:rf' newly defined as it shall be overridden
although it is yet undefined on input line 61.

Package acronym Warning: Acronym `rf' is not defined on input line 61.


Package acronym Warning: Acronym `rf' is not defined on input line 61.


LaTeX Warning: Reference `fig:sysmodel_illustration' on page 3 undefined on inp
ut line 61.

Package microtype Info: Loading generic protrusion settings for font family
(microtype)             `cmss' (encoding: OT1).
(microtype)             For optimal results, create family-specific settings.
(microtype)             See the microtype manual for details.

Package acronym Warning: Acronym `csi' is not defined on input line 67.

[3]

Package acronym Warning: Acronym `ut' is not defined on input line 76.


Package acronym Warning: Acronym `ut' is not defined on input line 80.


Package acronym Warning: Acronym `bs' is not defined on input line 80.


Package acronym Warning: Acronym `ut' is not defined on input line 80.

<sysmodel_illustration.pdf, id=40, 716.6775pt x 314.13359pt>
File: sysmodel_illustration.pdf Graphic file (type pdf)
<use sysmodel_illustration.pdf>
Package pdftex.def Info: sysmodel_illustration.pdf  used on input line 106.
(pdftex.def)             Requested size: 433.62pt x 190.06818pt.

LaTeX Warning: Reference `fig:abssys' on page 4 undefined on input line 111.


Package acronym Warning: Acronym `rf' is not defined on input line 112.

<modeltime.pdf, id=41, 456.74638pt x 211.7511pt>
File: modeltime.pdf Graphic file (type pdf)
<use modeltime.pdf>
Package pdftex.def Info: modeltime.pdf  used on input line 114.
(pdftex.def)             Requested size: 433.62pt x 201.0396pt.
[4]

Package acronym Warning: Acronym `ut' is not defined on input line 122.


Package acronym Warning: Acronym `ut' is not defined on input line 124.

[5 <C:/Users/ZiluZ/OneDrive/Desktop/Template/sysmodel_illustration.pdf>]

Package acronym Warning: Acronym `ut' is not defined on input line 139.


Package acronym Warning: Acronym `ut' is not defined on input line 139.


Package acronym Warning: Acronym `bs' is not defined on input line 148.


Package acronym Warning: Acronym `csi' is not defined on input line 148.


LaTeX Warning: Citation `gershman2010convex' on page 6 undefined on input line 
148.

[6 <C:/Users/ZiluZ/OneDrive/Desktop/Template/modeltime.pdf>]

Package acronym Warning: Acronym `bs' is not defined on input line 198.


LaTeX Warning: Reference `fig:detailsys' on page 7 undefined on input line 198.


<siggram.pdf, id=102, 546.12032pt x 152.4897pt>
File: siggram.pdf Graphic file (type pdf)
<use siggram.pdf>
Package pdftex.def Info: siggram.pdf  used on input line 200.
(pdftex.def)             Requested size: 433.62pt x 121.08214pt.

Package acronym Warning: Acronym `ut' is not defined on input line 203.


Package acronym Warning: Acronym `ut' is not defined on input line 205.

[7 <C:/Users/ZiluZ/OneDrive/Desktop/Template/siggram.pdf>]

LaTeX Warning: Reference `fig:abssys' on page 8 undefined on input line 220.

File: modeltime.pdf Graphic file (type pdf)
<use modeltime.pdf>
Package pdftex.def Info: modeltime.pdf  used on input line 222.
(pdftex.def)             Requested size: 433.62pt x 201.0396pt.

LaTeX Warning: Reference `fig:abssys' on page 8 undefined on input line 225.


LaTeX Warning: Reference `eq:basic' on page 8 undefined on input line 232.


Package acronym Warning: Acronym `bs' is not defined on input line 232.


Package acronym Warning: Acronym `ut' is not defined on input line 232.


LaTeX Warning: Reference `eq:singleuesr' on page 8 undefined on input line 232.



Package acronym Warning: Acronym `ut' is not defined on input line 237.


LaTeX Warning: Citation `jamali2020intelligent' on page 8 undefined on input li
ne 237.

[8]

LaTeX Warning: Reference `fig:sphangle' on page 9 undefined on input line 242.


LaTeX Warning: Reference `fig:sphangle' on page 9 undefined on input line 242.

<channelillus.png, id=131, 1450.41875pt x 855.195pt>
File: channelillus.png Graphic file (type png)
<use channelillus.png>
Package pdftex.def Info: channelillus.png  used on input line 245.
(pdftex.def)             Requested size: 433.62pt x 255.66008pt.
[9 <C:/Users/ZiluZ/OneDrive/Desktop/Template/channelillus.png>]

LaTeX Warning: Reference `eq:fullchanneldes' on page 10 undefined on input line
 270.


LaTeX Warning: Citation `jamali2020intelligent' on page 10 undefined on input l
ine 270.


Package acronym Warning: Acronym `ut' is not defined on input line 270.

Package acronym Info: Label `acro:rss' newly defined as it shall be overridden
although it is yet undefined on input line 284.

Package acronym Warning: Acronym `rss' is not defined on input line 284.


Package acronym Warning: Acronym `rss' is not defined on input line 284.


Package acronym Warning: Acronym `bs' is not defined on input line 291.


Package acronym Warning: Acronym `ut' is not defined on input line 291.


Package acronym Warning: Acronym `ut' is not defined on input line 291.

[10]

LaTeX Warning: Reference `eq:errorstatistics' on page 11 undefined on input lin
e 316.


LaTeX Warning: Reference `eq:compensatednotations' on page 11 undefined on inpu
t line 336.

[11]

LaTeX Warning: Reference `eq:distancegeneral' on page 12 undefined on input lin
e 348.


LaTeX Warning: Reference `eq:basedis' on page 12 undefined on input line 367.


LaTeX Warning: Reference `eq:distancegeneral' on page 12 undefined on input lin
e 367.


LaTeX Warning: Reference `eq:basedis' on page 12 undefined on input line 367.


LaTeX Warning: Citation `glse' on page 12 undefined on input line 370.

Package acronym Info: Label `acro:papr' newly defined as it shall be overridden

although it is yet undefined on input line 384.

Package acronym Warning: Acronym `papr' is not defined on input line 384.


Package acronym Warning: Acronym `papr' is not defined on input line 384.


LaTeX Warning: Reference `opt:raw' on page 12 undefined on input line 385.

[12]

LaTeX Warning: Reference `opt:raw' on page 13 undefined on input line 396.


LaTeX Warning: Reference `algo:jointalgorithm' on page 13 undefined on input li
ne 396.

Package hyperref Info: bookmark level for unknown algorithm defaults to 0 on in
put line 398.

LaTeX Warning: Reference `algo:jointalgorithm' on page 13 undefined on input li
ne 411.

[13]

LaTeX Warning: Reference `eq:decouple' on page 14 undefined on input line 426.

LaTeX Font Info:    Font shape `U/lasy/b/n' in size <8> not available
(Font)              Font shape `U/lasy/m/n' tried instead on input line 436.
LaTeX Font Info:    Font shape `U/lasy/b/n' in size <6> not available
(Font)              Font shape `U/lasy/m/n' tried instead on input line 436.

Package acronym Warning: Acronym `mm' is not defined on input line 453.


LaTeX Warning: Citation `sankuru2020designing' on page 14 undefined on input li
ne 453.


LaTeX Warning: Reference `opt:irsopt' on page 14 undefined on input line 453.

[14]

LaTeX Warning: Reference `eq:simplifiedirsobj' on page 15 undefined on input li
ne 484.


LaTeX Warning: Reference `eq:simplifiedirsobj' on page 15 undefined on input li
ne 493.


LaTeX Warning: Reference `eq:partialderivertivesplit' on page 15 undefined on i
nput line 493.


LaTeX Warning: Reference `eq:irsphaseinversetransformation' on page 15 undefine
d on input line 500.


LaTeX Warning: Reference `algo:gradientdescentfull' on page 15 undefined on inp
ut line 507.


LaTeX Warning: Reference `algo:gradientdescentfull' on page 15 undefined on inp
ut line 527.

[15]

Package acronym Warning: Acronym `mm' is not defined on input line 538.


LaTeX Warning: Citation `sankuru2020designing' on page 16 undefined on input li
ne 538.


LaTeX Warning: Reference `eq:simplifiedirsobj' on page 16 undefined on input li
ne 545.

[16]

LaTeX Warning: Reference `eq:simplifiedirsobj' on page 17 undefined on input li
ne 547.


LaTeX Warning: Reference `eq:simplifiedirsobj' on page 17 undefined on input li
ne 549.


LaTeX Warning: Reference `eq:simplifiedirsobj' on page 17 undefined on input li
ne 549.


LaTeX Warning: Reference `eq:irsgdsimplifiedsymbols' on page 17 undefined on in
put line 553.


LaTeX Warning: Reference `eq:irsgdsimplifiedsymbols' on page 17 undefined on in
put line 565.


LaTeX Warning: Citation `sankuru2020designing' on page 17 undefined on input li
ne 572.


LaTeX Warning: Reference `eq:objectivefunctionofirs' on page 17 undefined on in
put line 584.

[17
pdfTeX warning (ext4): destination with the same identifier (name{equation.4.42
}) has been already used, duplicate ignored
<argument> ...shipout:D \box_use:N \l_shipout_box 
                                                  \__shipout_drop_firstpage_...
l.585 \begin{equation}
                      ]

LaTeX Warning: Reference `eq:greatsimplicity' on page 18 undefined on input lin
e 595.


LaTeX Warning: Reference `eq:icsicostbar' on page 18 undefined on input line 59
5.


LaTeX Warning: Reference `eq:mmsurrogatefunctionsimplified' on page 18 undefine
d on input line 601.


LaTeX Warning: Citation `sankuru2020designing' on page 18 undefined on input li
ne 601.


LaTeX Warning: Reference `algo:mmalgorithmfull' on page 18 undefined on input l
ine 612.


LaTeX Warning: Reference `algo:mmalgorithmfull' on page 18 undefined on input l
ine 634.


LaTeX Warning: Reference `algo:mmalgorithmfull' on page 18 undefined on input l
ine 634.


LaTeX Warning: Reference `algo:mmalgorithmfull' on page 18 undefined on input l
ine 634.


LaTeX Warning: Reference `algo:mmalgorithmfull' on page 18 undefined on input l
ine 634.


LaTeX Warning: Citation `sedaghat2017novel' on page 18 undefined on input line 
638.

[18]

Package acronym Warning: Acronym `papr' is not defined on input line 644.


Package acronym Warning: Acronym `ut' is not defined on input line 647.


Package acronym Warning: Acronym `bs' is not defined on input line 647.


Package acronym Warning: Acronym `ut' is not defined on input line 647.


Package acronym Warning: Acronym `ut' is not defined on input line 647.


Package acronym Warning: Acronym `bs' is not defined on input line 647.


Package acronym Warning: Acronym `ut' is not defined on input line 649.


Package acronym Warning: Acronym `bs' is not defined on input line 649.


Package acronym Warning: Acronym `ut' is not defined on input line 649.


Package acronym Warning: Acronym `bs' is not defined on input line 649.


LaTeX Warning: Reference `table:parametersforthechannel' on page 19 undefined o
n input line 650.

[19]

LaTeX Warning: Reference `fig:activeantepos' on page 20 undefined on input line
 676.


LaTeX Warning: Citation `jamali2020intelligent' on page 20 undefined on input l
ine 676.

<posantenna.png, id=231, 1450.41875pt x 855.195pt>
File: posantenna.png Graphic file (type png)
<use posantenna.png>
Package pdftex.def Info: posantenna.png  used on input line 679.
(pdftex.def)             Requested size: 361.34999pt x 213.05443pt.
[20 <C:/Users/ZiluZ/OneDrive/Desktop/Template/posantenna.png>]

LaTeX Warning: Citation `jamali2020intelligent' on page 21 undefined on input l
ine 699.

Package acronym Info: Label `acro:fi' newly defined as it shall be overridden
although it is yet undefined on input line 710.

Package acronym Warning: Acronym `fi' is not defined on input line 710.


Package acronym Warning: Acronym `fi' is not defined on input line 710.


LaTeX Warning: Reference `fig:fi' on page 21 undefined on input line 710.

<fullillumination.png, id=242, 1450.41875pt x 855.195pt>
File: fullillumination.png Graphic file (type png)
<use fullillumination.png>
Package pdftex.def Info: fullillumination.png  used on input line 712.
(pdftex.def)             Requested size: 433.62pt x 255.66008pt.
Package acronym Info: Label `acro:pi' newly defined as it shall be overridden
although it is yet undefined on input line 716.

Package acronym Warning: Acronym `pi' is not defined on input line 716.


Package acronym Warning: Acronym `pi' is not defined on input line 716.


LaTeX Warning: Reference `fig:pi' on page 21 undefined on input line 716.

<partialillumination.png, id=243, 1450.41875pt x 855.195pt>
File: partialillumination.png Graphic file (type png)
<use partialillumination.png>
Package pdftex.def Info: partialillumination.png  used on input line 718.
(pdftex.def)             Requested size: 433.62pt x 255.66008pt.
[21 <C:/Users/ZiluZ/OneDrive/Desktop/Template/fullillumination.png>]

LaTeX Warning: Reference `table:illuminationchannel' on page 22 undefined on in
put line 722.


LaTeX Warning: Citation `jamali2020intelligent' on page 22 undefined on input l
ine 722.


LaTeX Warning: Reference `fig:paprL1' on page 22 undefined on input line 745.

Package epstopdf Info: Source file: <L1n-3.eps>
(epstopdf)                    date: 2022-07-25 14:54:46
(epstopdf)                    size: 24683 bytes
(epstopdf)             Output file: <L1n-3-eps-converted-to.pdf>
(epstopdf)             Command: <miktex-epstopdf --outfile=L1n-3-eps-converted-
to.pdf L1n-3.eps>
(epstopdf)             \includegraphics on input line 747.
runsystem(miktex-epstopdf --outfile=L1n-3-eps-converted-to.pdf L1n-3.eps)...exe
cuted safely (allowed).

Package epstopdf Info: Result file: <L1n-3-eps-converted-to.pdf>
(epstopdf)                    date: 2022-09-10 03:56:11
(epstopdf)                    size: 10015 bytes.


pdfTeX warning: pdflatex (file ./L1n-3-eps-converted-to.pdf): PDF inclusion: fo
und PDF version <1.7>, but at most version <1.5> allowed
<L1n-3-eps-converted-to.pdf, id=252, 453.695pt x 278.03876pt>
File: L1n-3-eps-converted-to.pdf Graphic file (type pdf)
<use L1n-3-eps-converted-to.pdf>
Package pdftex.def Info: L1n-3-eps-converted-to.pdf  used on input line 747.
(pdftex.def)             Requested size: 433.62pt x 265.73898pt.
[22 <C:/Users/ZiluZ/OneDrive/Desktop/Template/partialillumination.png>]
[23 <./L1n-3-eps-converted-to.pdf>]

LaTeX Warning: Reference `fig:paprL2' on page 24 undefined on input line 778.

Package epstopdf Info: Source file: <L2n-3.eps>
(epstopdf)                    date: 2022-07-25 14:54:54
(epstopdf)                    size: 24215 bytes
(epstopdf)             Output file: <L2n-3-eps-converted-to.pdf>
(epstopdf)             Command: <miktex-epstopdf --outfile=L2n-3-eps-converted-
to.pdf L2n-3.eps>
(epstopdf)             \includegraphics on input line 780.
runsystem(miktex-epstopdf --outfile=L2n-3-eps-converted-to.pdf L2n-3.eps)...exe
cuted safely (allowed).

Package epstopdf Info: Result file: <L2n-3-eps-converted-to.pdf>
(epstopdf)                    date: 2022-09-10 03:56:12
(epstopdf)                    size: 9857 bytes.


pdfTeX warning: pdflatex (file ./L2n-3-eps-converted-to.pdf): PDF inclusion: fo
und PDF version <1.7>, but at most version <1.5> allowed
<L2n-3-eps-converted-to.pdf, id=273, 453.695pt x 278.03876pt>
File: L2n-3-eps-converted-to.pdf Graphic file (type pdf)
<use L2n-3-eps-converted-to.pdf>
Package pdftex.def Info: L2n-3-eps-converted-to.pdf  used on input line 780.
(pdftex.def)             Requested size: 433.62pt x 265.73898pt.

LaTeX Warning: Reference `eq:decouple' on page 24 undefined on input line 784.


Package acronym Warning: Acronym `ut' is not defined on input line 784.

[24 <./L2n-3-eps-converted-to.pdf>]

LaTeX Warning: Reference `fig:ratelambda' on page 25 undefined on input line 79
0.


Package acronym Warning: Acronym `fi' is not defined on input line 790.

Package epstopdf Info: Source file: <lmd.eps>
(epstopdf)                    date: 2022-08-19 04:35:56
(epstopdf)                    size: 27207 bytes
(epstopdf)             Output file: <lmd-eps-converted-to.pdf>
(epstopdf)             Command: <miktex-epstopdf --outfile=lmd-eps-converted-to
.pdf lmd.eps>
(epstopdf)             \includegraphics on input line 793.
runsystem(miktex-epstopdf --outfile=lmd-eps-converted-to.pdf lmd.eps)...execute
d safely (allowed).

Package epstopdf Info: Result file: <lmd-eps-converted-to.pdf>
(epstopdf)                    date: 2022-09-10 03:56:13
(epstopdf)                    size: 7839 bytes.


pdfTeX warning: pdflatex (file ./lmd-eps-converted-to.pdf): PDF inclusion: foun
d PDF version <1.7>, but at most version <1.5> allowed
<lmd-eps-converted-to.pdf, id=285, 421.575pt x 316.18124pt>
File: lmd-eps-converted-to.pdf Graphic file (type pdf)
<use lmd-eps-converted-to.pdf>
Package pdftex.def Info: lmd-eps-converted-to.pdf  used on input line 793.
(pdftex.def)             Requested size: 433.62pt x 325.22163pt.

LaTeX Warning: Reference `fig:ratelambda' on page 25 undefined on input line 79
8.


LaTeX Warning: Reference `th:firsttheorem' on page 25 undefined on input line 7
98.


LaTeX Warning: Citation `sedaghat2017novel' on page 25 undefined on input line 
798.


LaTeX Warning: Citation `sedaghat2017novel' on page 25 undefined on input line 
798.

[25 <./lmd-eps-converted-to.pdf>]

LaTeX Warning: Reference `fig:powerlambda' on page 26 undefined on input line 8
01.

Package epstopdf Info: Source file: <lmdpower.eps>
(epstopdf)                    date: 2022-08-19 04:53:55
(epstopdf)                    size: 28535 bytes
(epstopdf)             Output file: <lmdpower-eps-converted-to.pdf>
(epstopdf)                    date: 2022-05-10 13:25:14
(epstopdf)                    size: 6380 bytes
(epstopdf)             Command: <miktex-epstopdf --outfile=lmdpower-eps-convert
ed-to.pdf lmdpower.eps>
(epstopdf)             \includegraphics on input line 803.
runsystem(miktex-epstopdf --outfile=lmdpower-eps-converted-to.pdf lmdpower.eps)
...executed safely (allowed).

Package epstopdf Info: Result file: <lmdpower-eps-converted-to.pdf>
(epstopdf)                    date: 2022-09-10 03:56:13
(epstopdf)                    size: 8874 bytes.


pdfTeX warning: pdflatex (file ./lmdpower-eps-converted-to.pdf): PDF inclusion:
 found PDF version <1.7>, but at most version <1.5> allowed
<lmdpower-eps-converted-to.pdf, id=298, 421.575pt x 316.18124pt>
File: lmdpower-eps-converted-to.pdf Graphic file (type pdf)
<use lmdpower-eps-converted-to.pdf>
Package pdftex.def Info: lmdpower-eps-converted-to.pdf  used on input line 803.

(pdftex.def)             Requested size: 433.62pt x 325.22163pt.
[26 <./lmdpower-eps-converted-to.pdf>]

LaTeX Warning: Reference `fig:rateML10' on page 27 undefined on input line 819.


Package epstopdf Info: Source file: <rate-surdM.eps>
(epstopdf)                    date: 2022-08-19 05:11:53
(epstopdf)                    size: 38397 bytes
(epstopdf)             Output file: <rate-surdM-eps-converted-to.pdf>
(epstopdf)             Command: <miktex-epstopdf --outfile=rate-surdM-eps-conve
rted-to.pdf rate-surdM.eps>
(epstopdf)             \includegraphics on input line 821.
runsystem(miktex-epstopdf --outfile=rate-surdM-eps-converted-to.pdf rate-surdM.
eps)...executed safely (allowed).

Package epstopdf Info: Result file: <rate-surdM-eps-converted-to.pdf>
(epstopdf)                    date: 2022-09-10 03:56:14
(epstopdf)                    size: 16242 bytes.


pdfTeX warning: pdflatex (file ./rate-surdM-eps-converted-to.pdf): PDF inclusio
n: found PDF version <1.7>, but at most version <1.5> allowed
<rate-surdM-eps-converted-to.pdf, id=309, 421.575pt x 316.18124pt>
File: rate-surdM-eps-converted-to.pdf Graphic file (type pdf)
<use rate-surdM-eps-converted-to.pdf>
Package pdftex.def Info: rate-surdM-eps-converted-to.pdf  used on input line 82
1.
(pdftex.def)             Requested size: 433.62pt x 325.22163pt.

LaTeX Warning: Reference `fig:rateLM12' on page 27 undefined on input line 825.


Package epstopdf Info: Source file: <Rate_Lwithm12.eps>
(epstopdf)                    date: 2022-08-01 07:05:03
(epstopdf)                    size: 41700 bytes
(epstopdf)             Output file: <Rate_Lwithm12-eps-converted-to.pdf>
(epstopdf)             Command: <miktex-epstopdf --outfile=Rate_Lwithm12-eps-co
nverted-to.pdf Rate_Lwithm12.eps>
(epstopdf)             \includegraphics on input line 827.
runsystem(miktex-epstopdf --outfile=Rate_Lwithm12-eps-converted-to.pdf Rate_Lwi
thm12.eps)...executed safely (allowed).

Package epstopdf Info: Result file: <Rate_Lwithm12-eps-converted-to.pdf>
(epstopdf)                    date: 2022-09-10 03:56:15
(epstopdf)                    size: 19530 bytes.


pdfTeX warning: pdflatex (file ./Rate_Lwithm12-eps-converted-to.pdf): PDF inclu
sion: found PDF version <1.7>, but at most version <1.5> allowed
<Rate_Lwithm12-eps-converted-to.pdf, id=310, 421.575pt x 316.18124pt>
File: Rate_Lwithm12-eps-converted-to.pdf Graphic file (type pdf)
<use Rate_Lwithm12-eps-converted-to.pdf>
Package pdftex.def Info: Rate_Lwithm12-eps-converted-to.pdf  used on input line
 827.
(pdftex.def)             Requested size: 433.62pt x 325.22163pt.

LaTeX Warning: Reference `th:firsttheorem' on page 27 undefined on input line 8
32.


LaTeX Warning: Reference `fig:fullrelation3d' on page 27 undefined on input lin
e 834.

Package epstopdf Info: Source file: <threed.eps>
(epstopdf)                    date: 2022-08-02 19:39:33
(epstopdf)                    size: 84568 bytes
(epstopdf)             Output file: <threed-eps-converted-to.pdf>
(epstopdf)             Command: <miktex-epstopdf --outfile=threed-eps-converted
-to.pdf threed.eps>
(epstopdf)             \includegraphics on input line 836.
runsystem(miktex-epstopdf --outfile=threed-eps-converted-to.pdf threed.eps)...e
xecuted safely (allowed).

Package epstopdf Info: Result file: <threed-eps-converted-to.pdf>
(epstopdf)                    date: 2022-09-10 03:56:16
(epstopdf)                    size: 133898 bytes.


pdfTeX warning: pdflatex (file ./threed-eps-converted-to.pdf): PDF inclusion: f
ound PDF version <1.7>, but at most version <1.5> allowed
<threed-eps-converted-to.pdf, id=311, 421.575pt x 317.185pt>
File: threed-eps-converted-to.pdf Graphic file (type pdf)
<use threed-eps-converted-to.pdf>
Package pdftex.def Info: threed-eps-converted-to.pdf  used on input line 836.
(pdftex.def)             Requested size: 433.62pt x 326.25407pt.

LaTeX Warning: Reference `fig:fullrelation3d' on page 27 undefined on input lin
e 841.


LaTeX Warning: Reference `fig:MLr18' on page 27 undefined on input line 843.

Package epstopdf Info: Source file: <requiredSurdM.eps>
(epstopdf)                    date: 2022-08-01 07:07:16
(epstopdf)                    size: 42384 bytes
(epstopdf)             Output file: <requiredSurdM-eps-converted-to.pdf>
(epstopdf)             Command: <miktex-epstopdf --outfile=requiredSurdM-eps-co
nverted-to.pdf requiredSurdM.eps>
(epstopdf)             \includegraphics on input line 845.
runsystem(miktex-epstopdf --outfile=requiredSurdM-eps-converted-to.pdf required
SurdM.eps)...executed safely (allowed).

Package epstopdf Info: Result file: <requiredSurdM-eps-converted-to.pdf>
(epstopdf)                    date: 2022-09-10 03:56:16
(epstopdf)                    size: 13984 bytes.

!pdfTeX error: pdflatex (file ./requiredSurdM-eps-converted-to.pdf): xpdf: read
ing PDF image failed
 ==> Fatal error occurred, no output PDF file produced!
